<?xml version="1.0" encoding="UTF-8"?>
<!-- Generated by org.testng.reporters.JUnitReportReporter -->
<testsuite skipped="0" hostname="LAPTOP-US8BMKVS" name="tests.LoginPageTest" tests="1" failures="0" timestamp="2022-12-12T22:57:51 IST" time="0.384" errors="0">
  <testcase name="loginPageNavigationTest" time="0.384" classname="tests.LoginPageTest"/>
  <system-out/>
</testsuite> <!-- tests.LoginPageTest -->
