<?xml version="1.0" encoding="UTF-8"?>
<!-- Generated by org.testng.reporters.JUnitReportReporter -->
<testsuite skipped="0" hostname="LAPTOP-US8BMKVS" name="tests.LoginPageTest" tests="1" failures="0" timestamp="2022-12-11T21:02:54 IST" time="0.406" errors="0">
  <testcase name="loginPageNavigationTest" time="0.406" classname="tests.LoginPageTest"/>
  <system-out/>
</testsuite> <!-- tests.LoginPageTest -->
